<?xml version="1.0" encoding="UTF-8"?>
<!-- Generated by org.testng.reporters.JUnitXMLReporter -->
<testsuite ignored="0" hostname="Ames-MBP" failures="0" tests="3" name="Submit Order Test" time="57.967" errors="0" timestamp="2024-11-06T01:55:41 SGT">
  <testcase classname="Training.Tests.SubmitOrderTest" name="SubmitOrder" time="11.534"/>
  <testcase classname="Training.Tests.SubmitOrderTest" name="SubmitOrder" time="13.912"/>
  <testcase classname="Training.Tests.SubmitOrderTest" name="ProductVerify" time="0.952"/>
</testsuite> <!-- Submit Order Test -->
