<?xml version="1.0" encoding="UTF-8"?>
<!-- Generated by org.testng.reporters.JUnitXMLReporter -->
<testsuite ignored="2" hostname="Ames-MBP" failures="0" tests="0" time="0.022" errors="0" timestamp="2024-12-03T00:06:01 SGT">
  <testcase classname="Training.Tests.ErrorValidationTest" name="LoginErrorValidation" time="0.0">
    <ignored/>
  </testcase> <!-- LoginErrorValidation -->
  <testcase classname="Training.Tests.ErrorValidationTest" name="ProductErrorValidation" time="0.0">
    <ignored/>
  </testcase> <!-- ProductErrorValidation -->
</testsuite>
