<?xml version="1.0" encoding="UTF-8"?>
<!-- Generated by org.testng.reporters.JUnitXMLReporter -->
<testsuite ignored="2" hostname="Ames-MBP" failures="0" tests="4" name="Submit Order Test" time="87.877" errors="0" timestamp="2024-12-03T00:07:28 SGT">
  <testcase classname="Training.Tests.SubmitOrderTest" name="SubmitOrder" time="11.597"/>
  <testcase classname="Training.Tests.SubmitOrderTest" name="SubmitOrder" time="11.522"/>
  <testcase classname="Training.Tests.SubmitOrderHashMapTest" name="SubmitOrder" time="11.209"/>
  <testcase classname="Training.Tests.SubmitOrderHashMapTest" name="SubmitOrder" time="10.549"/>
  <testcase classname="Training.Tests.SubmitOrderHashMapTest" name="ProductVerify" time="0.0">
    <ignored/>
  </testcase> <!-- ProductVerify -->
  <testcase classname="Training.Tests.SubmitOrderTest" name="ProductVerify" time="0.0">
    <ignored/>
  </testcase> <!-- ProductVerify -->
</testsuite> <!-- Submit Order Test -->
